{
  "stats": {
    "suites": 1,
    "tests": 8,
    "passes": 8,
    "pending": 0,
    "failures": 0,
    "start": "2026-06-21T03:05:10.287Z",
    "end": "2026-06-21T03:05:10.293Z",
    "duration": 6,
    "testsRegistered": 8,
    "passPercent": 100,
    "pendingPercent": 0,
    "other": 0,
    "hasOther": false,
    "skipped": 0,
    "hasSkipped": false
  },
  "results": [
    {
      "uuid": "463d6b15-5a51-456d-88f6-2538e88b78a9",
      "title": "",
      "fullFile": "C:\\Projetos\\projeto livro aula05\\test\\gestaoLivros.test.js",
      "file": "\\test\\gestaoLivros.test.js",
      "beforeHooks": [],
      "afterHooks": [],
      "tests": [],
      "suites": [
        {
          "uuid": "442e3409-0fa4-48bf-82d7-9ed58e584c62",
          "title": "Gestão de busca de livros",
          "fullFile": "C:\\Projetos\\projeto livro aula05\\test\\gestaoLivros.test.js",
          "file": "\\test\\gestaoLivros.test.js",
          "beforeHooks": [],
          "afterHooks": [],
          "tests": [
            {
              "title": "Escreva um teste automatizado de unidade para testar a condição de busca do titulo por ID",
              "fullTitle": "Gestão de busca de livros Escreva um teste automatizado de unidade para testar a condição de busca do titulo por ID",
              "timedOut": false,
              "duration": 0,
              "state": "passed",
              "speed": "fast",
              "pass": true,
              "fail": false,
              "pending": false,
              "context": null,
              "code": "const id = 1;\n      const tituloLivroRetornado = buscarLivroTodos(id);\n     assert.strictEqual(tituloLivroRetornado, 'O poder do arcanjo Miguel');",
              "err": {},
              "uuid": "d5caa021-f969-4835-b308-13f3177ebb7a",
              "parentUUID": "442e3409-0fa4-48bf-82d7-9ed58e584c62",
              "isHook": false,
              "skipped": false
            },
            {
              "title": "Escreva um teste automatizado de unidade para testar a condição de busca do titulo por ID",
              "fullTitle": "Gestão de busca de livros Escreva um teste automatizado de unidade para testar a condição de busca do titulo por ID",
              "timedOut": false,
              "duration": 0,
              "state": "passed",
              "speed": "fast",
              "pass": true,
              "fail": false,
              "pending": false,
              "context": null,
              "code": "const id = 2;\n      const tituloLivroRetornado = buscarLivroPorID(id);\n     assert.strictEqual(tituloLivroRetornado, 'A gemea errada');",
              "err": {},
              "uuid": "c77fa92f-1a1c-4359-8bbd-3a996216facf",
              "parentUUID": "442e3409-0fa4-48bf-82d7-9ed58e584c62",
              "isHook": false,
              "skipped": false
            },
            {
              "title": "Escreva um teste automatizado de unidade para testar a condição de busca do titulo por ID",
              "fullTitle": "Gestão de busca de livros Escreva um teste automatizado de unidade para testar a condição de busca do titulo por ID",
              "timedOut": false,
              "duration": 0,
              "state": "passed",
              "speed": "fast",
              "pass": true,
              "fail": false,
              "pending": false,
              "context": null,
              "code": "const id = 3;\n      const tituloLivroRetornado = buscarLivroPorID(id);\n     assert.strictEqual(tituloLivroRetornado, 'O CEO tem que casar');",
              "err": {},
              "uuid": "5e203d7e-6518-44e0-af29-438f69598399",
              "parentUUID": "442e3409-0fa4-48bf-82d7-9ed58e584c62",
              "isHook": false,
              "skipped": false
            },
            {
              "title": "Escreva um teste automatizado de unidade para testar a condição de busca do titulo por ID",
              "fullTitle": "Gestão de busca de livros Escreva um teste automatizado de unidade para testar a condição de busca do titulo por ID",
              "timedOut": false,
              "duration": 0,
              "state": "passed",
              "speed": "fast",
              "pass": true,
              "fail": false,
              "pending": false,
              "context": null,
              "code": "const id = 4;\n      const tituloLivroRetornado = buscarLivroPorID(id);\n     assert.strictEqual(tituloLivroRetornado, 'O principe que eu amo');",
              "err": {},
              "uuid": "1b979fc8-b233-417d-ac53-58baaf96ed87",
              "parentUUID": "442e3409-0fa4-48bf-82d7-9ed58e584c62",
              "isHook": false,
              "skipped": false
            },
            {
              "title": "Validar que a função que receba o ID 99 de um livro e retorne o seu título",
              "fullTitle": "Gestão de busca de livros Validar que a função que receba o ID 99 de um livro e retorne o seu título",
              "timedOut": false,
              "duration": 0,
              "state": "passed",
              "speed": "fast",
              "pass": true,
              "fail": false,
              "pending": false,
              "context": null,
              "code": "const tituloLivroEsperado = 'A Certeza';\n      const tituloLivroRetornado = buscarLivroPorID(99);\n     assert.strictEqual(tituloLivroRetornado, tituloLivroEsperado);",
              "err": {},
              "uuid": "1325e694-4c43-4466-84b7-86e2f0f144a5",
              "parentUUID": "442e3409-0fa4-48bf-82d7-9ed58e584c62",
              "isHook": false,
              "skipped": false
            },
            {
              "title": "Validar se o ID informado for 0 deve da erro",
              "fullTitle": "Gestão de busca de livros Validar se o ID informado for 0 deve da erro",
              "timedOut": false,
              "duration": 1,
              "state": "passed",
              "speed": "fast",
              "pass": true,
              "fail": false,
              "pending": false,
              "context": null,
              "code": "assert.throws(\n  () => { buscarLivroPorID0(0); },\n  {\n      message: 'Id inválido, não possui nenhum livro com o ID informado.'\n  }\n);",
              "err": {},
              "uuid": "a13e0530-900f-4993-ac76-fac2aa287e88",
              "parentUUID": "442e3409-0fa4-48bf-82d7-9ed58e584c62",
              "isHook": false,
              "skipped": false
            },
            {
              "title": "Validar se o ID estiver vazio deve da erro",
              "fullTitle": "Gestão de busca de livros Validar se o ID estiver vazio deve da erro",
              "timedOut": false,
              "duration": 0,
              "state": "passed",
              "speed": "fast",
              "pass": true,
              "fail": false,
              "pending": false,
              "context": null,
              "code": "assert.throws(\n  () => { buscarLivroPorID0(); },\n  {\n      message: 'Id inválido, não possui nenhum livro com o ID informado.'\n  }\n);",
              "err": {},
              "uuid": "165d53b0-bf72-43cf-878a-721fc2612695",
              "parentUUID": "442e3409-0fa4-48bf-82d7-9ed58e584c62",
              "isHook": false,
              "skipped": false
            },
            {
              "title": "Validar se o ID for menor que 0 deve da erro",
              "fullTitle": "Gestão de busca de livros Validar se o ID for menor que 0 deve da erro",
              "timedOut": false,
              "duration": 0,
              "state": "passed",
              "speed": "fast",
              "pass": true,
              "fail": false,
              "pending": false,
              "context": null,
              "code": "assert.throws(\n  () => { buscarLivroPorID0(-2); },\n  {\n      message: 'Id inválido, não possui nenhum livro com o ID informado.'\n  }\n);",
              "err": {},
              "uuid": "4c35b50c-8020-4790-b71e-285cea317a82",
              "parentUUID": "442e3409-0fa4-48bf-82d7-9ed58e584c62",
              "isHook": false,
              "skipped": false
            }
          ],
          "suites": [],
          "passes": [
            "d5caa021-f969-4835-b308-13f3177ebb7a",
            "c77fa92f-1a1c-4359-8bbd-3a996216facf",
            "5e203d7e-6518-44e0-af29-438f69598399",
            "1b979fc8-b233-417d-ac53-58baaf96ed87",
            "1325e694-4c43-4466-84b7-86e2f0f144a5",
            "a13e0530-900f-4993-ac76-fac2aa287e88",
            "165d53b0-bf72-43cf-878a-721fc2612695",
            "4c35b50c-8020-4790-b71e-285cea317a82"
          ],
          "failures": [],
          "pending": [],
          "skipped": [],
          "duration": 1,
          "root": false,
          "rootEmpty": false,
          "_timeout": 2000
        }
      ],
      "passes": [],
      "failures": [],
      "pending": [],
      "skipped": [],
      "duration": 0,
      "root": true,
      "rootEmpty": true,
      "_timeout": 2000
    }
  ],
  "meta": {
    "mocha": {
      "version": "11.7.6"
    },
    "mochawesome": {
      "options": {
        "quiet": false,
        "reportFilename": "mochawesome",
        "saveHtml": true,
        "saveJson": true,
        "consoleReporter": "spec",
        "useInlineDiffs": false,
        "code": true
      },
      "version": "7.1.4"
    },
    "marge": {
      "options": {
        "reportDir": "mochawesome-report"
      },
      "version": "6.3.2"
    }
  }
}