{
  "stats": {
    "suites": 1,
    "tests": 8,
    "passes": 8,
    "pending": 0,
    "failures": 0,
    "start": "2026-06-21T03:41:48.792Z",
    "end": "2026-06-21T03:41:48.798Z",
    "duration": 6,
    "testsRegistered": 8,
    "passPercent": 100,
    "pendingPercent": 0,
    "other": 0,
    "hasOther": false,
    "skipped": 0,
    "hasSkipped": false
  },
  "results": [
    {
      "uuid": "a35fd9b6-3020-4256-9367-20103dc9ab3b",
      "title": "",
      "fullFile": "C:\\Projetos\\projeto livro aula05\\test\\gestaoLivros.test.js",
      "file": "\\test\\gestaoLivros.test.js",
      "beforeHooks": [],
      "afterHooks": [],
      "tests": [],
      "suites": [
        {
          "uuid": "a108e988-a439-491f-acb9-c2e852db2221",
          "title": "Gestão de busca de livros",
          "fullFile": "C:\\Projetos\\projeto livro aula05\\test\\gestaoLivros.test.js",
          "file": "\\test\\gestaoLivros.test.js",
          "beforeHooks": [],
          "afterHooks": [],
          "tests": [
            {
              "title": "Escreva um teste automatizado de unidade para testar a condição de busca do titulo por ID",
              "fullTitle": "Gestão de busca de livros Escreva um teste automatizado de unidade para testar a condição de busca do titulo por ID",
              "timedOut": false,
              "duration": 0,
              "state": "passed",
              "speed": "fast",
              "pass": true,
              "fail": false,
              "pending": false,
              "context": null,
              "code": "const id = 1;\n      const tituloLivroRetornado = buscarLivroTodos(id);\n     assert.strictEqual(tituloLivroRetornado, 'O poder do arcanjo Miguel');",
              "err": {},
              "uuid": "edbd16a1-3341-4abb-924b-9b62690a0c90",
              "parentUUID": "a108e988-a439-491f-acb9-c2e852db2221",
              "isHook": false,
              "skipped": false
            },
            {
              "title": "Escreva um teste automatizado de unidade para testar a condição de busca do titulo por ID",
              "fullTitle": "Gestão de busca de livros Escreva um teste automatizado de unidade para testar a condição de busca do titulo por ID",
              "timedOut": false,
              "duration": 0,
              "state": "passed",
              "speed": "fast",
              "pass": true,
              "fail": false,
              "pending": false,
              "context": null,
              "code": "const id = 2;\n      const tituloLivroRetornado = buscarLivroPorID(id);\n     assert.strictEqual(tituloLivroRetornado, 'A gemea errada');",
              "err": {},
              "uuid": "61563de1-c1e8-4b3e-9cc6-03bce9d53a7b",
              "parentUUID": "a108e988-a439-491f-acb9-c2e852db2221",
              "isHook": false,
              "skipped": false
            },
            {
              "title": "Escreva um teste automatizado de unidade para testar a condição de busca do titulo por ID",
              "fullTitle": "Gestão de busca de livros Escreva um teste automatizado de unidade para testar a condição de busca do titulo por ID",
              "timedOut": false,
              "duration": 0,
              "state": "passed",
              "speed": "fast",
              "pass": true,
              "fail": false,
              "pending": false,
              "context": null,
              "code": "const id = 3;\n      const tituloLivroRetornado = buscarLivroPorID(id);\n     assert.strictEqual(tituloLivroRetornado, 'O CEO tem que casar');",
              "err": {},
              "uuid": "83861005-221f-48f9-9ced-bd5038895383",
              "parentUUID": "a108e988-a439-491f-acb9-c2e852db2221",
              "isHook": false,
              "skipped": false
            },
            {
              "title": "Escreva um teste automatizado de unidade para testar a condição de busca do titulo por ID",
              "fullTitle": "Gestão de busca de livros Escreva um teste automatizado de unidade para testar a condição de busca do titulo por ID",
              "timedOut": false,
              "duration": 0,
              "state": "passed",
              "speed": "fast",
              "pass": true,
              "fail": false,
              "pending": false,
              "context": null,
              "code": "const id = 4;\n      const tituloLivroRetornado = buscarLivroPorID(id);\n     assert.strictEqual(tituloLivroRetornado, 'O principe que eu amo');",
              "err": {},
              "uuid": "b2c82302-d244-4998-9eb0-6af1c4664be3",
              "parentUUID": "a108e988-a439-491f-acb9-c2e852db2221",
              "isHook": false,
              "skipped": false
            },
            {
              "title": "Validar que a função que receba o ID 99 de um livro e retorne o seu título",
              "fullTitle": "Gestão de busca de livros Validar que a função que receba o ID 99 de um livro e retorne o seu título",
              "timedOut": false,
              "duration": 0,
              "state": "passed",
              "speed": "fast",
              "pass": true,
              "fail": false,
              "pending": false,
              "context": null,
              "code": "const tituloLivroEsperado = 'A Certeza';\n      const tituloLivroRetornado = buscarLivroPorID(99);\n     assert.strictEqual(tituloLivroRetornado, tituloLivroEsperado);",
              "err": {},
              "uuid": "3bbfe1f2-8d22-4232-8f30-1617172d0969",
              "parentUUID": "a108e988-a439-491f-acb9-c2e852db2221",
              "isHook": false,
              "skipped": false
            },
            {
              "title": "Validar se o ID informado for 0 deve da erro",
              "fullTitle": "Gestão de busca de livros Validar se o ID informado for 0 deve da erro",
              "timedOut": false,
              "duration": 0,
              "state": "passed",
              "speed": "fast",
              "pass": true,
              "fail": false,
              "pending": false,
              "context": null,
              "code": "assert.throws(\n  () => { buscarLivroPorID0(0); },\n  {\n      message: 'Id inválido, não possui nenhum livro com o ID informado.'\n  }\n);",
              "err": {},
              "uuid": "d20e8cce-6f11-4a7a-83ef-83437c2dfb43",
              "parentUUID": "a108e988-a439-491f-acb9-c2e852db2221",
              "isHook": false,
              "skipped": false
            },
            {
              "title": "Validar se o ID estiver vazio deve da erro",
              "fullTitle": "Gestão de busca de livros Validar se o ID estiver vazio deve da erro",
              "timedOut": false,
              "duration": 0,
              "state": "passed",
              "speed": "fast",
              "pass": true,
              "fail": false,
              "pending": false,
              "context": null,
              "code": "assert.throws(\n  () => { buscarLivroPorID0(); },\n  {\n      message: 'Id inválido, não possui nenhum livro com o ID informado.'\n  }\n);",
              "err": {},
              "uuid": "ec71018d-ba28-4f72-a162-ec0745a66afa",
              "parentUUID": "a108e988-a439-491f-acb9-c2e852db2221",
              "isHook": false,
              "skipped": false
            },
            {
              "title": "Validar se o ID for menor que 0 deve da erro",
              "fullTitle": "Gestão de busca de livros Validar se o ID for menor que 0 deve da erro",
              "timedOut": false,
              "duration": 0,
              "state": "passed",
              "speed": "fast",
              "pass": true,
              "fail": false,
              "pending": false,
              "context": null,
              "code": "assert.throws(\n  () => { buscarLivroPorID0(-2); },\n  {\n      message: 'Id inválido, não possui nenhum livro com o ID informado.'\n  }\n);",
              "err": {},
              "uuid": "7e622996-be60-4ea2-a96e-2a2b8fddc7e3",
              "parentUUID": "a108e988-a439-491f-acb9-c2e852db2221",
              "isHook": false,
              "skipped": false
            }
          ],
          "suites": [],
          "passes": [
            "edbd16a1-3341-4abb-924b-9b62690a0c90",
            "61563de1-c1e8-4b3e-9cc6-03bce9d53a7b",
            "83861005-221f-48f9-9ced-bd5038895383",
            "b2c82302-d244-4998-9eb0-6af1c4664be3",
            "3bbfe1f2-8d22-4232-8f30-1617172d0969",
            "d20e8cce-6f11-4a7a-83ef-83437c2dfb43",
            "ec71018d-ba28-4f72-a162-ec0745a66afa",
            "7e622996-be60-4ea2-a96e-2a2b8fddc7e3"
          ],
          "failures": [],
          "pending": [],
          "skipped": [],
          "duration": 0,
          "root": false,
          "rootEmpty": false,
          "_timeout": 2000
        }
      ],
      "passes": [],
      "failures": [],
      "pending": [],
      "skipped": [],
      "duration": 0,
      "root": true,
      "rootEmpty": true,
      "_timeout": 2000
    }
  ],
  "meta": {
    "mocha": {
      "version": "11.7.6"
    },
    "mochawesome": {
      "options": {
        "quiet": false,
        "reportFilename": "mochawesome",
        "saveHtml": true,
        "saveJson": true,
        "consoleReporter": "spec",
        "useInlineDiffs": false,
        "code": true
      },
      "version": "7.1.4"
    },
    "marge": {
      "options": {
        "reportDir": "mochawesome-report"
      },
      "version": "6.3.2"
    }
  }
}